# JRE version: OpenJDK Runtime Environment (11.0.11+9) (build 11.0.11+9-b60-7590822)
# Java VM: OpenJDK 64-Bit Server VM (11.0.11+9-b60-7590822, mixed mode, tiered, compressed oops, g1 gc, windows-amd64)
Heap:
 garbage-first heap   total 260096K, used 79122K [0x00000000a0000000, 0x0000000100000000)
  region size 1024K, 31 young (31744K), 14 survivors (14336K)
 Metaspace       used 61035K, capacity 62849K, committed 63176K, reserved 1103872K
  class space    used 7863K, capacity 8470K, committed 8576K, reserved 1048576K
GC Heap History (14 events):
Event: 0.282 GC heap before
{Heap before GC invocations=0 (full 0):
 garbage-first heap   total 260096K, used 29696K [0x00000000a0000000, 0x0000000100000000)
  region size 1024K, 24 young (24576K), 0 survivors (0K)
 Metaspace       used 9855K, capacity 10054K, committed 10112K, reserved 1058816K
  class space    used 1028K, capacity 1102K, committed 1152K, reserved 1048576K
}
Event: 0.284 GC heap after
{Heap after GC invocations=1 (full 0):
 garbage-first heap   total 260096K, used 9277K [0x00000000a0000000, 0x0000000100000000)
  region size 1024K, 3 young (3072K), 3 survivors (3072K)
 Metaspace       used 9855K, capacity 10054K, committed 10112K, reserved 1058816K
  class space    used 1028K, capacity 1102K, committed 1152K, reserved 1048576K
}
Event: 0.939 GC heap before
{Heap before GC invocations=1 (full 0):
 garbage-first heap   total 260096K, used 105533K [0x00000000a0000000, 0x0000000100000000)
  region size 1024K, 98 young (100352K), 3 survivors (3072K)
 Metaspace       used 20637K, capacity 21116K, committed 21296K, reserved 1069056K
  class space    used 2525K, capacity 2674K, committed 2688K, reserved 1048576K
}
Event: 0.944 GC heap after
{Heap after GC invocations=2 (full 0):
 garbage-first heap   total 260096K, used 16668K [0x00000000a0000000, 0x0000000100000000)
  region size 1024K, 11 young (11264K), 11 survivors (11264K)
 Metaspace       used 20637K, capacity 21116K, committed 21296K, reserved 1069056K
  class space    used 2525K, capacity 2674K, committed 2688K, reserved 1048576K
}
Event: 1.100 GC heap before
{Heap before GC invocations=3 (full 0):
 garbage-first heap   total 260096K, used 48412K [0x00000000a0000000, 0x0000000100000000)
  region size 1024K, 42 young (43008K), 11 survivors (11264K)
 Metaspace       used 23990K, capacity 24541K, committed 24752K, reserved 1071104K
  class space    used 3048K, capacity 3245K, committed 3328K, reserved 1048576K
}
Event: 1.103 GC heap after
{Heap after GC invocations=4 (full 0):
 garbage-first heap   total 260096K, used 18129K [0x00000000a0000000, 0x0000000100000000)
  region size 1024K, 2 young (2048K), 2 survivors (2048K)
 Metaspace       used 23990K, capacity 24541K, committed 24752K, reserved 1071104K
  class space    used 3048K, capacity 3245K, committed 3328K, reserved 1048576K
}
Event: 1.620 GC heap before
{Heap before GC invocations=4 (full 0):
 garbage-first heap   total 260096K, used 120529K [0x00000000a0000000, 0x0000000100000000)
  region size 1024K, 95 young (97280K), 2 survivors (2048K)
 Metaspace       used 34553K, capacity 35503K, committed 35632K, reserved 1079296K
  class space    used 4547K, capacity 4898K, committed 4992K, reserved 1048576K
}
Event: 1.626 GC heap after
{Heap after GC invocations=5 (full 0):
 garbage-first heap   total 260096K, used 34870K [0x00000000a0000000, 0x0000000100000000)
  region size 1024K, 9 young (9216K), 9 survivors (9216K)
 Metaspace       used 34553K, capacity 35503K, committed 35632K, reserved 1079296K
  class space    used 4547K, capacity 4898K, committed 4992K, reserved 1048576K
}
Event: 2.260 GC heap before
{Heap before GC invocations=6 (full 0):
 garbage-first heap   total 260096K, used 156726K [0x00000000a0000000, 0x0000000100000000)
  region size 1024K, 126 young (129024K), 9 survivors (9216K)
 Metaspace       used 45316K, capacity 46578K, committed 46664K, reserved 1089536K
  class space    used 5936K, capacity 6391K, committed 6400K, reserved 1048576K
}
Event: 2.266 GC heap after
{Heap after GC invocations=7 (full 0):
 garbage-first heap   total 260096K, used 43016K [0x00000000a0000000, 0x0000000100000000)
  region size 1024K, 16 young (16384K), 16 survivors (16384K)
 Metaspace       used 45316K, capacity 46578K, committed 46664K, reserved 1089536K
  class space    used 5936K, capacity 6391K, committed 6400K, reserved 1048576K
}
Event: 2.721 GC heap before
{Heap before GC invocations=7 (full 0):
 garbage-first heap   total 260096K, used 173064K [0x00000000a0000000, 0x0000000100000000)
  region size 1024K, 141 young (144384K), 16 survivors (16384K)
 Metaspace       used 48706K, capacity 50168K, committed 50504K, reserved 1093632K
  class space    used 6278K, capacity 6810K, committed 6912K, reserved 1048576K
}
Event: 2.727 GC heap after
{Heap after GC invocations=8 (full 0):
 garbage-first heap   total 260096K, used 50586K [0x00000000a0000000, 0x0000000100000000)
  region size 1024K, 13 young (13312K), 13 survivors (13312K)
 Metaspace       used 48706K, capacity 50168K, committed 50504K, reserved 1093632K
  class space    used 6278K, capacity 6810K, committed 6912K, reserved 1048576K
}
Event: 3.351 GC heap before
{Heap before GC invocations=8 (full 0):
 garbage-first heap   total 260096K, used 173466K [0x00000000a0000000, 0x0000000100000000)
  region size 1024K, 130 young (133120K), 13 survivors (13312K)
 Metaspace       used 58000K, capacity 59838K, committed 59976K, reserved 1101824K
  class space    used 7455K, capacity 8067K, committed 8192K, reserved 1048576K
}
Event: 3.362 GC heap after
{Heap after GC invocations=9 (full 0):
 garbage-first heap   total 260096K, used 62738K [0x00000000a0000000, 0x0000000100000000)
  region size 1024K, 14 young (14336K), 14 survivors (14336K)
 Metaspace       used 58000K, capacity 59838K, committed 59976K, reserved 1101824K
  class space    used 7455K, capacity 8067K, committed 8192K, reserved 1048576K
}

